#
# A fatal error has been detected by the Java Runtime Environment:
#
#  EXCEPTION_STACK_OVERFLOW (0xc00000fd) at pc=0x0000000056e7fed7, pid=15780, tid=0x0000000000003f50
#
# JRE version: OpenJDK Runtime Environment (8.0_242-b01) (build 1.8.0_242-release-1644-b01)
# Java VM: OpenJDK 64-Bit Server VM (25.242-b01 mixed mode windows-amd64 compressed oops)
# Problematic frame:
# V  [jvm.dll+0x1efed7]
#
# Failed to write core dump. Minidumps are not enabled by default on client versions of Windows
#
# If you would like to submit a bug report, please visit:
#   
#

---------------  T H R E A D  ---------------

Current thread (0x000000001f1b4000):  JavaThread "jar transforms Thread 37" [_thread_in_vm, id=16208, stack(0x0000000026370000,0x0000000026470000)]

siginfo: ExceptionCode=0xc00000fd, ExceptionInformation=0x0000000000000001 0x000000002646cfa0 

Registers:
RAX=0x000000002646cfa0, RBX=0x0000000000000003, RCX=0x0000000000002000, RDX=0x0000000000000006
RSP=0x000000002646efa0, RBP=0x0000000000000000, RSI=0x000000002646efa0, RDI=0x0000000000000003
R8 =0x0000000000000006, R9 =0x0000000021b39f00, R10=0x00000000176ae968, R11=0x000000002637a148
R12=0x00000000ffffffff, R13=0x000000001f1b4000, R14=0x000000001f1b4000, R15=0x00000000176ae968
RIP=0x0000000056e7fed7, EFLAGS=0x0000000000010206

Top of Stack: (sp=0x000000002646efa0)
0x000000002646efa0:   0000000000000000 0000000100006948
0x000000002646efb0:   000000001f1b4000 00000000ffffffff
0x000000002646efc0:   000000002646f068 0000000056e80eb7
0x000000002646efd0:   000000002646f0d0 0000000021b39f00
0x000000002646efe0:   00000000176ae968 0000000056d2be73
0x000000002646eff0:   000000002646f030 000000001f1b4000
0x000000002646f000:   000000002646f0c0 000000001f1b4000
0x000000002646f010:   00000000176ae968 000000001f1b4000
0x000000002646f020:   0000000003013920 000000001f1b4000
0x000000002646f030:   00000000176ae968 000000001f1b4000
0x000000002646f040:   00000000176ae968 000000001f1b4000
0x000000002646f050:   0000000000000001 00000000176ae968
0x000000002646f060:   000000001f1b4000 0000000019ec7200
0x000000002646f070:   000000001f1b4000 0000000056d2d5dd
0x000000002646f080:   000000002646f388 0000000100006948
0x000000002646f090:   0000000100006948 0000000000000000 

Instructions: (pc=0x0000000056e7fed7)
0x0000000056e7feb7:   48 89 6c 24 30 33 ed 66 90 e8 4b d9 07 00 ff c3
0x0000000056e7fec7:   48 63 c8 48 8b c6 48 0f af cf 48 ff c7 48 2b c1
0x0000000056e7fed7:   89 28 48 63 c3 48 3b 05 65 b8 57 00 7e db 48 8b
0x0000000056e7fee7:   6c 24 30 48 8b 5c 24 38 48 8b 74 24 40 48 83 c4 


Register to memory mapping:

RAX=0x000000002646cfa0 is pointing into the stack for thread: 0x000000001f1b4000
RBX=0x0000000000000003 is an unknown value
RCX=0x0000000000002000 is an unknown value
RDX=0x0000000000000006 is an unknown value
RSP=0x000000002646efa0 is pointing into the stack for thread: 0x000000001f1b4000
RBP=0x0000000000000000 is an unknown value
RSI=0x000000002646efa0 is pointing into the stack for thread: 0x000000001f1b4000
RDI=0x0000000000000003 is an unknown value
R8 =0x0000000000000006 is an unknown value
R9 =0x0000000021b39f00 is an unknown value
R10={method} {0x00000000176ae970} 'run' '()V' in 'java/lang/Thread'
R11=0x000000002637a148 is pointing into the stack for thread: 0x000000001f1b4000
R12=0x00000000ffffffff is an unallocated location in the heap
R13=0x000000001f1b4000 is a thread
R14=0x000000001f1b4000 is a thread
R15={method} {0x00000000176ae970} 'run' '()V' in 'java/lang/Thread'


Stack: [0x0000000026370000,0x0000000026470000],  sp=0x000000002646efa0,  free space=1019k
Native frames: (J=compiled Java code, j=interpreted, Vv=VM code, C=native code)


---------------  P R O C E S S  ---------------

Java Threads: ( => current thread )
  0x000000001f1bd800 JavaThread "jar transforms Thread 46" [_thread_blocked, id=9836, stack(0x0000000027570000,0x0000000027670000)]
  0x000000001f1b8800 JavaThread "jar transforms Thread 45" [_thread_blocked, id=18824, stack(0x0000000027370000,0x0000000027470000)]
  0x000000001f1b0800 JavaThread "jar transforms Thread 44" [_thread_blocked, id=18832, stack(0x0000000026a70000,0x0000000026b70000)]
  0x000000001f1b7800 JavaThread "jar transforms Thread 43" [_thread_blocked, id=4560, stack(0x0000000026970000,0x0000000026a70000)]
  0x000000001f1b0000 JavaThread "jar transforms Thread 42" [_thread_blocked, id=11608, stack(0x0000000026870000,0x0000000026970000)]
  0x000000001f1b7000 JavaThread "jar transforms Thread 41" [_thread_blocked, id=15840, stack(0x0000000026770000,0x0000000026870000)]
  0x000000001f1b1800 JavaThread "jar transforms Thread 40" [_thread_blocked, id=3252, stack(0x0000000026670000,0x0000000026770000)]
  0x000000001f1b6000 JavaThread "jar transforms Thread 39" [_thread_blocked, id=18320, stack(0x0000000026570000,0x0000000026670000)]
  0x000000001f1b5800 JavaThread "jar transforms Thread 38" [_thread_blocked, id=19360, stack(0x0000000026470000,0x0000000026570000)]
=>0x000000001f1b4000 JavaThread "jar transforms Thread 37" [_thread_in_vm, id=16208, stack(0x0000000026370000,0x0000000026470000)]
  0x000000001f1b2000 JavaThread "jar transforms Thread 36" [_thread_blocked, id=3204, stack(0x0000000026270000,0x0000000026370000)]
  0x000000001f1ae800 JavaThread "jar transforms Thread 35" [_thread_blocked, id=13256, stack(0x0000000026170000,0x0000000026270000)]
  0x000000001f1b3000 JavaThread "jar transforms Thread 34" [_thread_blocked, id=12280, stack(0x0000000026070000,0x0000000026170000)]
  0x000000001f1af000 JavaThread "jar transforms Thread 33" [_thread_blocked, id=10292, stack(0x0000000025f70000,0x0000000026070000)]
  0x000000001f1b4800 JavaThread "jar transforms Thread 32" [_thread_blocked, id=1696, stack(0x0000000025e70000,0x0000000025f70000)]
  0x000000001f155800 JavaThread "jar transforms Thread 31" [_thread_blocked, id=17108, stack(0x0000000025d70000,0x0000000025e70000)]
  0x000000001f15b800 JavaThread "jar transforms Thread 30" [_thread_blocked, id=14368, stack(0x0000000025c70000,0x0000000025d70000)]
  0x000000001f154000 JavaThread "jar transforms Thread 29" [_thread_blocked, id=1792, stack(0x0000000025b70000,0x0000000025c70000)]
  0x000000001f154800 JavaThread "jar transforms Thread 28" [_thread_blocked, id=5696, stack(0x0000000025a70000,0x0000000025b70000)]
  0x000000001f159000 JavaThread "jar transforms Thread 27" [_thread_blocked, id=16588, stack(0x0000000025970000,0x0000000025a70000)]
  0x000000001f157800 JavaThread "jar transforms Thread 26" [_thread_blocked, id=1860, stack(0x0000000025870000,0x0000000025970000)]
  0x000000001f15a800 JavaThread "jar transforms Thread 25" [_thread_blocked, id=16184, stack(0x0000000025770000,0x0000000025870000)]
  0x000000001f158800 JavaThread "jar transforms Thread 24" [_thread_blocked, id=3872, stack(0x0000000025670000,0x0000000025770000)]
  0x000000001f157000 JavaThread "jar transforms Thread 23" [_thread_blocked, id=14436, stack(0x0000000025570000,0x0000000025670000)]
  0x000000001f15a000 JavaThread "jar transforms Thread 22" [_thread_blocked, id=9936, stack(0x0000000025470000,0x0000000025570000)]
  0x000000001f156000 JavaThread "jar transforms Thread 21" [_thread_blocked, id=9644, stack(0x0000000025370000,0x0000000025470000)]
  0x000000001f14d000 JavaThread "jar transforms Thread 20" [_thread_blocked, id=15684, stack(0x0000000025270000,0x0000000025370000)]
  0x000000001f14c800 JavaThread "jar transforms Thread 19" [_thread_blocked, id=17000, stack(0x0000000025170000,0x0000000025270000)]
  0x000000001f152800 JavaThread "jar transforms Thread 18" [_thread_blocked, id=6736, stack(0x0000000025070000,0x0000000025170000)]
  0x000000001f14e000 JavaThread "jar transforms Thread 17" [_thread_blocked, id=17980, stack(0x0000000024f70000,0x0000000025070000)]
  0x000000001f151000 JavaThread "jar transforms Thread 16" [_thread_blocked, id=17360, stack(0x0000000024e70000,0x0000000024f70000)]
  0x000000001f14f800 JavaThread "jar transforms Thread 15" [_thread_blocked, id=17816, stack(0x0000000024d70000,0x0000000024e70000)]
  0x000000001f14e800 JavaThread "jar transforms Thread 14" [_thread_blocked, id=17236, stack(0x0000000024c70000,0x0000000024d70000)]
  0x000000001f151800 JavaThread "jar transforms Thread 13" [_thread_blocked, id=11508, stack(0x0000000024b70000,0x0000000024c70000)]
  0x000000001f153000 JavaThread "jar transforms Thread 12" [_thread_blocked, id=8576, stack(0x0000000024a70000,0x0000000024b70000)]
  0x000000001f150000 JavaThread "jar transforms Thread 11" [_thread_blocked, id=4992, stack(0x0000000024970000,0x0000000024a70000)]
  0x000000001c952000 JavaThread "jar transforms Thread 10" [_thread_blocked, id=17188, stack(0x0000000024870000,0x0000000024970000)]
  0x000000001c956000 JavaThread "jar transforms Thread 9" [_thread_blocked, id=15800, stack(0x0000000024770000,0x0000000024870000)]
  0x000000001c954800 JavaThread "jar transforms Thread 8" [_thread_blocked, id=13192, stack(0x0000000024670000,0x0000000024770000)]
  0x000000001c955000 JavaThread "jar transforms Thread 7" [_thread_blocked, id=10896, stack(0x0000000024570000,0x0000000024670000)]
  0x000000001c951800 JavaThread "jar transforms Thread 6" [_thread_blocked, id=6716, stack(0x0000000024470000,0x0000000024570000)]
  0x000000001c953000 JavaThread "jar transforms Thread 5" [_thread_blocked, id=2396, stack(0x0000000024370000,0x0000000024470000)]
  0x000000001c94f000 JavaThread "jar transforms Thread 4" [_thread_blocked, id=13852, stack(0x0000000024270000,0x0000000024370000)]
  0x000000001c953800 JavaThread "jar transforms Thread 3" [_thread_blocked, id=4412, stack(0x0000000024170000,0x0000000024270000)]
  0x000000001c950800 JavaThread "jar transforms Thread 2" [_thread_blocked, id=4112, stack(0x0000000024070000,0x0000000024170000)]
  0x000000001c950000 JavaThread "Build operations Thread 8" [_thread_blocked, id=16264, stack(0x0000000023e70000,0x0000000023f70000)]
  0x000000001c947800 JavaThread "Build operations Thread 7" [_thread_blocked, id=11656, stack(0x0000000023d70000,0x0000000023e70000)]
  0x000000001c94e800 JavaThread "Build operations Thread 6" [_thread_blocked, id=17032, stack(0x0000000023c70000,0x0000000023d70000)]
  0x000000001c949000 JavaThread "Build operations Thread 5" [_thread_blocked, id=5252, stack(0x0000000023b70000,0x0000000023c70000)]
  0x000000001c94a800 JavaThread "Build operations Thread 4" [_thread_blocked, id=17156, stack(0x0000000023a70000,0x0000000023b70000)]
  0x000000001c94a000 JavaThread "Build operations Thread 3" [_thread_blocked, id=7608, stack(0x0000000023970000,0x0000000023a70000)]
  0x000000001c94b800 JavaThread "Build operations Thread 2" [_thread_blocked, id=4084, stack(0x0000000023870000,0x0000000023970000)]
  0x000000001c947000 JavaThread "Build operations" [_thread_blocked, id=16152, stack(0x0000000023770000,0x0000000023870000)]
  0x000000001c714000 JavaThread "Cache worker for file content cache (C:\Users\Lenovo\.gradle\caches\6.5\fileContent)" [_thread_blocked, id=14156, stack(0x0000000023070000,0x0000000023170000)]
  0x000000001c714800 JavaThread "jar transforms" [_thread_blocked, id=3860, stack(0x0000000022f70000,0x0000000023070000)]
  0x000000001c716800 JavaThread "Cache worker for execution history cache (C:\Users\Lenovo\.gradle\caches\6.5\executionHistory)" [_thread_blocked, id=10536, stack(0x0000000022870000,0x0000000022970000)]
  0x000000001c71b000 JavaThread "Cache worker for cache directory md-rule (C:\Users\Lenovo\.gradle\caches\6.5\md-rule)" [_thread_blocked, id=10928, stack(0x0000000022770000,0x0000000022870000)]
  0x000000001c718800 JavaThread "Cache worker for cache directory md-supplier (C:\Users\Lenovo\.gradle\caches\6.5\md-supplier)" [_thread_blocked, id=15676, stack(0x0000000021310000,0x0000000021410000)]
  0x000000001c71a000 JavaThread "Cache worker for checksums cache (F:\GUC Engineering\Semester 7 NETWORKS (Winter 2020)\NETW704 Signaling and Network Control\Project\Milesone 1\Shopping-app\.gradle\checksums)" [_thread_blocked, id=14672, stack(0x0000000021210000,0x0000000021310000)]
  0x000000001c718000 JavaThread "Cache worker for file hash cache (F:\GUC Engineering\Semester 7 NETWORKS (Winter 2020)\NETW704 Signaling and Network Control\Project\Milesone 1\Shopping-app\.gradle\6.5\fileHashes)" [_thread_blocked, id=18556, stack(0x0000000022670000,0x0000000022770000)]
  0x000000001c715800 JavaThread "Cache worker for file hash cache (C:\Users\Lenovo\.gradle\caches\6.5\fileHashes)" [_thread_blocked, id=8412, stack(0x000000001ed70000,0x000000001ee70000)]
  0x000000001c717000 JavaThread "File lock request listener" [_thread_in_native, id=19048, stack(0x000000001ec70000,0x000000001ed70000)]
  0x000000001b8a8800 JavaThread "Cache worker for journal cache (C:\Users\Lenovo\.gradle\caches\journal-1)" [_thread_blocked, id=19052, stack(0x000000001eb70000,0x000000001ec70000)]
  0x000000001c814000 JavaThread "Thread-9" [_thread_blocked, id=3500, stack(0x000000001e870000,0x000000001e970000)]
  0x000000001c815800 JavaThread "Stdin handler" [_thread_blocked, id=18940, stack(0x000000001e770000,0x000000001e870000)]
  0x000000001c7b7000 JavaThread "Asynchronous log dispatcher for DefaultDaemonConnection: socket connection from /127.0.0.1:56824 to /127.0.0.1:56825" [_thread_blocked, id=10200, stack(0x000000001e670000,0x000000001e770000)]
  0x000000001c823000 JavaThread "Daemon worker" [_thread_blocked, id=4076, stack(0x000000001e570000,0x000000001e670000)]
  0x000000001c80d800 JavaThread "Cancel handler" [_thread_blocked, id=2268, stack(0x000000001e470000,0x000000001e570000)]
  0x000000001c734800 JavaThread "Handler for socket connection from /127.0.0.1:56824 to /127.0.0.1:56825" [_thread_in_native, id=13292, stack(0x000000001e370000,0x000000001e470000)]
  0x000000001c734000 JavaThread "Daemon" [_thread_blocked, id=8000, stack(0x000000001e070000,0x000000001e170000)]
  0x000000001c787800 JavaThread "Daemon periodic checks" [_thread_blocked, id=436, stack(0x000000001df70000,0x000000001e070000)]
  0x000000001c759800 JavaThread "Incoming local TCP Connector on port 56824" [_thread_in_native, id=7224, stack(0x000000001dd30000,0x000000001de30000)]
  0x000000001c68c800 JavaThread "Daemon health stats" [_thread_blocked, id=6512, stack(0x000000001d6f0000,0x000000001d7f0000)]
  0x0000000019f19800 JavaThread "Service Thread" daemon [_thread_blocked, id=10408, stack(0x000000001ab50000,0x000000001ac50000)]
  0x0000000019e94800 JavaThread "C1 CompilerThread3" daemon [_thread_blocked, id=9808, stack(0x000000001aa50000,0x000000001ab50000)]
  0x0000000019e90800 JavaThread "C2 CompilerThread2" daemon [_thread_blocked, id=18016, stack(0x000000001a950000,0x000000001aa50000)]
  0x0000000019e88000 JavaThread "C2 CompilerThread1" daemon [_thread_blocked, id=18000, stack(0x000000001a850000,0x000000001a950000)]
  0x0000000019e80800 JavaThread "C2 CompilerThread0" daemon [_thread_blocked, id=2584, stack(0x000000001a750000,0x000000001a850000)]
  0x0000000019e7f800 JavaThread "Attach Listener" daemon [_thread_blocked, id=12192, stack(0x000000001a650000,0x000000001a750000)]
  0x000000001807e800 JavaThread "Signal Dispatcher" daemon [_thread_blocked, id=5188, stack(0x000000001a550000,0x000000001a650000)]
  0x0000000019e71800 JavaThread "Finalizer" daemon [_thread_blocked, id=3964, stack(0x000000001a350000,0x000000001a450000)]
  0x0000000002ff8000 JavaThread "Reference Handler" daemon [_thread_blocked, id=18144, stack(0x000000001a250000,0x000000001a350000)]
  0x00000000014ce800 JavaThread "main" [_thread_blocked, id=17432, stack(0x0000000002d50000,0x0000000002e50000)]

Other Threads:
  0x0000000018066800 VMThread [stack: 0x0000000019d50000,0x0000000019e50000] [id=18896]
  0x0000000019f1a800 WatcherThread [stack: 0x000000001ac50000,0x000000001ad50000] [id=3384]

VM state:synchronizing (normal execution)

VM Mutex/Monitor currently owned by a thread:  ([mutex/lock_event])
[0x00000000014cdf40] Threads_lock - owner thread: 0x0000000018066800
[0x00000000014cd240] Heap_lock - owner thread: 0x000000001c823000

OutOfMemory and StackOverflow Exception counts:
OutOfMemoryError java_heap_errors=1

heap address: 0x0000000080000000, size: 2048 MB, Compressed Oops mode: 32-bit
Narrow klass base: 0x0000000000000000, Narrow klass shift: 3
Compressed class space size: 1073741824 Address: 0x0000000100000000

Heap:
 PSYoungGen      total 136704K, used 61125K [0x00000000d5580000, 0x00000000de980000, 0x0000000100000000)
  eden space 125440K, 48% used [0x00000000d5580000,0x00000000d9131528,0x00000000dd000000)
  from space 11264K, 0% used [0x00000000dd380000,0x00000000dd380000,0x00000000dde80000)
  to   space 8704K, 0% used [0x00000000de100000,0x00000000de100000,0x00000000de980000)
 ParOldGen       total 47104K, used 17063K [0x0000000080000000, 0x0000000082e00000, 0x00000000d5580000)
  object space 47104K, 36% used [0x0000000080000000,0x00000000810a9c90,0x0000000082e00000)
 Metaspace       used 36297K, capacity 37766K, committed 37928K, reserved 1083392K
  class space    used 5000K, capacity 5314K, committed 5424K, reserved 1048576K

Card table byte_map: [0x00000000123c0000,0x00000000127d0000] byte_map_base: 0x0000000011fc0000

Marking Bits: (ParMarkBitMap*) 0x000000005745f030
 Begin Bits: [0x0000000013280000, 0x0000000015280000)
 End Bits:   [0x0000000015280000, 0x0000000017280000)

Polling page: 0x00000000014b0000

CodeCache: size=245760Kb used=12069Kb max_used=12084Kb free=233690Kb
 bounds [0x0000000003000000, 0x0000000003be0000, 0x0000000012000000]
 total_blobs=4149 nmethods=3445 adapters=615
 compilation: disabled (not enough contiguous free space left)

Compilation events (10 events):
Event: 7.403 Thread 0x0000000019e94800 3451       3       java.math.BigInteger::stripLeadingZeroBytes (132 bytes)
Event: 7.404 Thread 0x0000000019e94800 nmethod 3451 0x0000000003bce190 code [0x0000000003bce320, 0x0000000003bce890]
Event: 7.405 Thread 0x0000000019e94800 3452       3       com.google.common.cache.LocalCache$Segment::drainReferenceQueues (29 bytes)
Event: 7.405 Thread 0x0000000019e94800 nmethod 3452 0x0000000003bcda90 code [0x0000000003bcdc20, 0x0000000003bce018]
Event: 7.406 Thread 0x0000000019e94800 3453       3       org.gradle.cache.internal.DefaultCacheAccess::access$300 (5 bytes)
Event: 7.406 Thread 0x0000000019e94800 nmethod 3453 0x0000000003bcd6d0 code [0x0000000003bcd840, 0x0000000003bcd9a8]
Event: 7.406 Thread 0x0000000019e94800 3455       3       java.math.BigInteger::makePositive (248 bytes)
Event: 7.406 Thread 0x0000000019e94800 nmethod 3455 0x0000000003bcc810 code [0x0000000003bcc9e0, 0x0000000003bcd250]
Event: 7.406 Thread 0x0000000019e94800 3454   !   3       org.gradle.cache.internal.DefaultCacheAccess::getFileLock (97 bytes)
Event: 7.407 Thread 0x0000000019e94800 


GC Heap History (10 events):
Event: 3.241 GC heap before
{Heap before GC invocations=7 (full 0):
 PSYoungGen      total 76288K, used 9736K [0x00000000d5580000, 0x00000000dab80000, 0x0000000100000000)
  eden space 66048K, 1% used [0x00000000d5580000,0x00000000d56a38d0,0x00000000d9600000)
  from space 10240K, 83% used [0x00000000da080000,0x00000000da8dead8,0x00000000daa80000)
  to   space 10752K, 0% used [0x00000000d9600000,0x00000000d9600000,0x00000000da080000)
 ParOldGen       total 87552K, used 6653K [0x0000000080000000, 0x0000000085580000, 0x00000000d5580000)
  object space 87552K, 7% used [0x0000000080000000,0x000000008067f7d0,0x0000000085580000)
 Metaspace       used 20575K, capacity 21208K, committed 21296K, reserved 1067008K
  class space    used 2873K, capacity 3076K, committed 3120K, reserved 1048576K
Event: 3.249 GC heap after
Heap after GC invocations=7 (full 0):
 PSYoungGen      total 76800K, used 3876K [0x00000000d5580000, 0x00000000deb80000, 0x0000000100000000)
  eden space 66048K, 0% used [0x00000000d5580000,0x00000000d5580000,0x00000000d9600000)
  from space 10752K, 36% used [0x00000000d9600000,0x00000000d99c9050,0x00000000da080000)
  to   space 10752K, 0% used [0x00000000de100000,0x00000000de100000,0x00000000deb80000)
 ParOldGen       total 87552K, used 8874K [0x0000000080000000, 0x0000000085580000, 0x00000000d5580000)
  object space 87552K, 10% used [0x0000000080000000,0x00000000808aa830,0x0000000085580000)
 Metaspace       used 20575K, capacity 21208K, committed 21296K, reserved 1067008K
  class space    used 2873K, capacity 3076K, committed 3120K, reserved 1048576K
}
Event: 3.249 GC heap before
{Heap before GC invocations=8 (full 1):
 PSYoungGen      total 76800K, used 3876K [0x00000000d5580000, 0x00000000deb80000, 0x0000000100000000)
  eden space 66048K, 0% used [0x00000000d5580000,0x00000000d5580000,0x00000000d9600000)
  from space 10752K, 36% used [0x00000000d9600000,0x00000000d99c9050,0x00000000da080000)
  to   space 10752K, 0% used [0x00000000de100000,0x00000000de100000,0x00000000deb80000)
 ParOldGen       total 87552K, used 8874K [0x0000000080000000, 0x0000000085580000, 0x00000000d5580000)
  object space 87552K, 10% used [0x0000000080000000,0x00000000808aa830,0x0000000085580000)
 Metaspace       used 20575K, capacity 21208K, committed 21296K, reserved 1067008K
  class space    used 2873K, capacity 3076K, committed 3120K, reserved 1048576K
Event: 3.300 GC heap after
Heap after GC invocations=8 (full 1):
 PSYoungGen      total 76800K, used 0K [0x00000000d5580000, 0x00000000deb80000, 0x0000000100000000)
  eden space 66048K, 0% used [0x00000000d5580000,0x00000000d5580000,0x00000000d9600000)
  from space 10752K, 0% used [0x00000000d9600000,0x00000000d9600000,0x00000000da080000)
  to   space 10752K, 0% used [0x00000000de100000,0x00000000de100000,0x00000000deb80000)
 ParOldGen       total 47104K, used 6638K [0x0000000080000000, 0x0000000082e00000, 0x00000000d5580000)
  object space 47104K, 14% used [0x0000000080000000,0x000000008067b9e8,0x0000000082e00000)
 Metaspace       used 20575K, capacity 21208K, committed 21296K, reserved 1067008K
  class space    used 2873K, capacity 3076K, committed 3120K, reserved 1048576K
}
Event: 5.120 GC heap before
{Heap before GC invocations=9 (full 1):
 PSYoungGen      total 76800K, used 66048K [0x00000000d5580000, 0x00000000deb80000, 0x0000000100000000)
  eden space 66048K, 100% used [0x00000000d5580000,0x00000000d9600000,0x00000000d9600000)
  from space 10752K, 0% used [0x00000000d9600000,0x00000000d9600000,0x00000000da080000)
  to   space 10752K, 0% used [0x00000000de100000,0x00000000de100000,0x00000000deb80000)
 ParOldGen       total 47104K, used 6638K [0x0000000080000000, 0x0000000082e00000, 0x00000000d5580000)
  object space 47104K, 14% used [0x0000000080000000,0x000000008067b9e8,0x0000000082e00000)
 Metaspace       used 28837K, capacity 29738K, committed 29872K, reserved 1075200K
  class space    used 3987K, capacity 4225K, committed 4272K, reserved 1048576K
Event: 5.138 GC heap after
Heap after GC invocations=9 (full 1):
 PSYoungGen      total 134144K, used 8588K [0x00000000d5580000, 0x00000000de980000, 0x0000000100000000)
  eden space 125440K, 0% used [0x00000000d5580000,0x00000000d5580000,0x00000000dd000000)
  from space 8704K, 98% used [0x00000000de100000,0x00000000de963270,0x00000000de980000)
  to   space 11264K, 0% used [0x00000000dd380000,0x00000000dd380000,0x00000000dde80000)
 ParOldGen       total 47104K, used 6646K [0x0000000080000000, 0x0000000082e00000, 0x00000000d5580000)
  object space 47104K, 14% used [0x0000000080000000,0x000000008067d9e8,0x0000000082e00000)
 Metaspace       used 28837K, capacity 29738K, committed 29872K, reserved 1075200K
  class space    used 3987K, capacity 4225K, committed 4272K, reserved 1048576K
}
Event: 6.719 GC heap before
{Heap before GC invocations=10 (full 1):
 PSYoungGen      total 134144K, used 100983K [0x00000000d5580000, 0x00000000de980000, 0x0000000100000000)
  eden space 125440K, 73% used [0x00000000d5580000,0x00000000dafbac70,0x00000000dd000000)
  from space 8704K, 98% used [0x00000000de100000,0x00000000de963270,0x00000000de980000)
  to   space 11264K, 0% used [0x00000000dd380000,0x00000000dd380000,0x00000000dde80000)
 ParOldGen       total 47104K, used 6646K [0x0000000080000000, 0x0000000082e00000, 0x00000000d5580000)
  object space 47104K, 14% used [0x0000000080000000,0x000000008067d9e8,0x0000000082e00000)
 Metaspace       used 34232K, capacity 35396K, committed 35496K, reserved 1079296K
  class space    used 4707K, capacity 5001K, committed 5040K, reserved 1048576K
Event: 6.730 GC heap after
Heap after GC invocations=10 (full 1):
 PSYoungGen      total 136704K, used 10902K [0x00000000d5580000, 0x00000000de980000, 0x0000000100000000)
  eden space 125440K, 0% used [0x00000000d5580000,0x00000000d5580000,0x00000000dd000000)
  from space 11264K, 96% used [0x00000000dd380000,0x00000000dde25a68,0x00000000dde80000)
  to   space 8704K, 0% used [0x00000000de100000,0x00000000de100000,0x00000000de980000)
 ParOldGen       total 47104K, used 6654K [0x0000000080000000, 0x0000000082e00000, 0x00000000d5580000)
  object space 47104K, 14% used [0x0000000080000000,0x000000008067f9e8,0x0000000082e00000)
 Metaspace       used 34232K, capacity 35396K, committed 35496K, reserved 1079296K
  class space    used 4707K, capacity 5001K, committed 5040K, reserved 1048576K
}
Event: 6.730 GC heap before
{Heap before GC invocations=11 (full 2):
 PSYoungGen      total 136704K, used 10902K [0x00000000d5580000, 0x00000000de980000, 0x0000000100000000)
  eden space 125440K, 0% used [0x00000000d5580000,0x00000000d5580000,0x00000000dd000000)
  from space 11264K, 96% used [0x00000000dd380000,0x00000000dde25a68,0x00000000dde80000)
  to   space 8704K, 0% used [0x00000000de100000,0x00000000de100000,0x00000000de980000)
 ParOldGen       total 47104K, used 6654K [0x0000000080000000, 0x0000000082e00000, 0x00000000d5580000)
  object space 47104K, 14% used [0x0000000080000000,0x000000008067f9e8,0x0000000082e00000)
 Metaspace       used 34232K, capacity 35396K, committed 35496K, reserved 1079296K
  class space    used 4707K, capacity 5001K, committed 5040K, reserved 1048576K
Event: 6.815 GC heap after
Heap after GC invocations=11 (full 2):
 PSYoungGen      total 136704K, used 0K [0x00000000d5580000, 0x00000000de980000, 0x0000000100000000)
  eden space 125440K, 0% used [0x00000000d5580000,0x00000000d5580000,0x00000000dd000000)
  from space 11264K, 0% used [0x00000000dd380000,0x00000000dd380000,0x00000000dde80000)
  to   space 8704K, 0% used [0x00000000de100000,0x00000000de100000,0x00000000de980000)
 ParOldGen       total 47104K, used 17063K [0x0000000080000000, 0x0000000082e00000, 0x00000000d5580000)
  object space 47104K, 36% used [0x0000000080000000,0x00000000810a9c90,0x0000000082e00000)
 Metaspace       used 34232K, capacity 35396K, committed 35496K, reserved 1079296K
  class space    used 4707K, capacity 5001K, committed 5040K, reserved 1048576K
}

Deoptimization events (10 events):
Event: 6.108 Thread 0x000000001c823000 Uncommon trap: reason=unstable_if action=reinterpret pc=0x000000000380fa04 method=org.gradle.internal.reflect.PropertyAccessorType.isGetGetterName(Ljava/lang/String;)Z @ 14
Event: 6.149 Thread 0x000000001c823000 Uncommon trap: reason=unstable_if action=reinterpret pc=0x00000000036e7400 method=org.objectweb.asm.ByteVector.putShort(I)Lorg/objectweb/asm/ByteVector; @ 13
Event: 6.253 Thread 0x000000001c823000 Uncommon trap: reason=unstable_if action=reinterpret pc=0x0000000003636de0 method=java.net.URLClassLoader.defineClass(Ljava/lang/String;Lsun/misc/Resource;)Ljava/lang/Class; @ 21
Event: 6.345 Thread 0x000000001c823000 Uncommon trap: reason=unstable_if action=reinterpret pc=0x00000000039e3708 method=org.codehaus.groovy.runtime.metaclass.MetaMethodIndex.addMethodToList(Ljava/lang/Object;Lgroovy/lang/MetaMethod;)Ljava/lang/Object; @ 226
Event: 6.452 Thread 0x000000001c823000 Uncommon trap: reason=range_check action=make_not_entrant pc=0x000000000397a414 method=java.lang.String.charAt(I)C @ 27
Event: 7.162 Thread 0x000000001c94e800 Uncommon trap: reason=unstable_if action=reinterpret pc=0x000000000355d990 method=java.util.concurrent.ConcurrentHashMap.addCount(JI)V @ 168
Event: 7.162 Thread 0x000000001c94e800 Uncommon trap: reason=unstable_if action=reinterpret pc=0x000000000354118c method=java.util.concurrent.ConcurrentHashMap.transfer([Ljava/util/concurrent/ConcurrentHashMap$Node;[Ljava/util/concurrent/ConcurrentHashMap$Node;)V @ 34
Event: 7.163 Thread 0x000000001c823000 Uncommon trap: reason=unstable_if action=reinterpret pc=0x00000000035411bc method=java.util.concurrent.ConcurrentHashMap.transfer([Ljava/util/concurrent/ConcurrentHashMap$Node;[Ljava/util/concurrent/ConcurrentHashMap$Node;)V @ 277
Event: 7.163 Thread 0x000000001c823000 Uncommon trap: reason=unstable_if action=reinterpret pc=0x000000000355d990 method=java.util.concurrent.ConcurrentHashMap.addCount(JI)V @ 168
Event: 7.164 Thread 0x000000001c94e800 Uncommon trap: reason=unstable_if action=reinterpret pc=0x00000000034ca75c method=java.util.concurrent.ConcurrentHashMap.addCount(JI)V @ 34

Classes redefined (0 events):
No events

Internal exceptions (10 events):
Event: 6.571 Thread 0x000000001c823000 Exception <a 'java/lang/ClassNotFoundException': org/gradle/api/internal/artifacts/dsl/dependencies/DefaultDependencyHandler_DecoratedBeanInfo> (0x00000000d9cdcd58) thrown at [C:\src\AOSP-openjdk-git\hotspot\src\share\vm\classfile\systemDictionary.cpp, li
Event: 6.572 Thread 0x000000001c823000 Exception <a 'java/lang/ClassNotFoundException': org/gradle/api/internal/artifacts/dsl/dependencies/DefaultDependencyHandlerBeanInfo> (0x00000000d9d35698) thrown at [C:\src\AOSP-openjdk-git\hotspot\src\share\vm\classfile\systemDictionary.cpp, line 210]
Event: 6.573 Thread 0x000000001c823000 Exception <a 'java/lang/ClassNotFoundException': org/gradle/api/internal/artifacts/dsl/dependencies/DefaultDependencyHandlerCustomizer> (0x00000000d9d8f2d8) thrown at [C:\src\AOSP-openjdk-git\hotspot\src\share\vm\classfile\systemDictionary.cpp, line 210]
Event: 6.574 Thread 0x000000001c823000 Exception <a 'java/lang/ClassNotFoundException': org/gradle/api/internal/artifacts/dsl/dependencies/DefaultDependencyHandler_DecoratedCustomizer> (0x00000000d9e1a078) thrown at [C:\src\AOSP-openjdk-git\hotspot\src\share\vm\classfile\systemDictionary.cpp, 
Event: 6.665 Thread 0x000000001c823000 Exception <a 'java/lang/NoSuchMethodError': java.lang.Object.lambda$static$0(Lorg/gradle/api/internal/artifacts/configurations/MutationValidator$MutationType;)V> (0x00000000da488ad0) thrown at [C:\src\AOSP-openjdk-git\hotspot\src\share\vm\interpreter\link
Event: 6.841 Thread 0x000000001c823000 Exception <a 'java/lang/NoSuchMethodError': java.lang.Object.lambda$static$0(Lorg/gradle/internal/component/model/DependencyMetadata;)Lorg/gradle/api/internal/artifacts/ivyservice/dependencysubstitution/DependencySubstitutionApplicator$SubstitutionResult;
Event: 6.867 Thread 0x000000001c823000 Exception <a 'java/lang/IncompatibleClassChangeError': Found class java.lang.Object, but interface was expected> (0x00000000d5e948d8) thrown at [C:\src\AOSP-openjdk-git\hotspot\src\share\vm\interpreter\linkResolver.cpp, line 653]
Event: 6.868 Thread 0x000000001c823000 Exception <a 'java/lang/NoSuchMethodError': java.lang.Object.lambda$thenComparing$36697e65$1(Ljava/util/Comparator;Ljava/lang/Object;Ljava/lang/Object;)I> (0x00000000d5ea0208) thrown at [C:\src\AOSP-openjdk-git\hotspot\src\share\vm\interpreter\linkResolve
Event: 6.943 Thread 0x000000001c823000 Exception <a 'java/lang/NoSuchMethodError': java.lang.Object.lambda$static$0()Z> (0x00000000d68aee38) thrown at [C:\src\AOSP-openjdk-git\hotspot\src\share\vm\interpreter\linkResolver.cpp, line 620]
Event: 7.155 Thread 0x000000001c823000 Exception <a 'java/lang/NoSuchMethodError': java.lang.Object.lambda$static$0(Lorg/gradle/api/internal/artifacts/ivyservice/resolveengine/artifact/ArtifactVisitor;)V> (0x00000000d75a05d8) thrown at [C:\src\AOSP-openjdk-git\hotspot\src\share\vm\interpreter\

Events (10 events):
Event: 7.402 Thread 0x000000001f154800 Thread added: 0x000000001f154800
Event: 7.403 Thread 0x000000001f154000 Thread added: 0x000000001f154000
Event: 7.404 Thread 0x000000001f15b800 Thread added: 0x000000001f15b800
Event: 7.405 Thread 0x000000001f155800 Thread added: 0x000000001f155800
Event: 7.406 Thread 0x000000001f1b4800 Thread added: 0x000000001f1b4800
Event: 7.407 Thread 0x000000001f1af000 Thread added: 0x000000001f1af000
Event: 7.408 Thread 0x000000001f1b3000 Thread added: 0x000000001f1b3000
Event: 7.408 Thread 0x000000001f1ae800 Thread added: 0x000000001f1ae800
Event: 7.409 Thread 0x000000001f1b2000 Thread added: 0x000000001f1b2000
Event: 7.410 Thread 0x000000001f1b4000 Thread added: 0x000000001f1b4000


Dynamic libraries:
0x00007ff667020000 - 0x00007ff667051000 	C:\Program Files\Android\Android Studio1\jre\bin\java.exe
0x00007fff8a1c0000 - 0x00007fff8a3b0000 	C:\WINDOWS\SYSTEM32\ntdll.dll
0x00007fff88d50000 - 0x00007fff88e02000 	C:\WINDOWS\System32\KERNEL32.DLL
0x00007fff87f20000 - 0x00007fff881c4000 	C:\WINDOWS\System32\KERNELBASE.dll
0x00007fff88860000 - 0x00007fff88903000 	C:\WINDOWS\System32\ADVAPI32.dll
0x00007fff89380000 - 0x00007fff8941e000 	C:\WINDOWS\System32\msvcrt.dll
0x00007fff89560000 - 0x00007fff895f7000 	C:\WINDOWS\System32\sechost.dll
0x00007fff885b0000 - 0x00007fff886d0000 	C:\WINDOWS\System32\RPCRT4.dll
0x00007fff88910000 - 0x00007fff88aa4000 	C:\WINDOWS\System32\USER32.dll
0x00007fff87bf0000 - 0x00007fff87c11000 	C:\WINDOWS\System32\win32u.dll
0x00007fff88e80000 - 0x00007fff88ea6000 	C:\WINDOWS\System32\GDI32.dll
0x00007fff87c20000 - 0x00007fff87db5000 	C:\WINDOWS\System32\gdi32full.dll
0x00007fff87b20000 - 0x00007fff87bbe000 	C:\WINDOWS\System32\msvcp_win.dll
0x00007fff87e20000 - 0x00007fff87f1a000 	C:\WINDOWS\System32\ucrtbase.dll
0x00007fff76100000 - 0x00007fff76384000 	C:\WINDOWS\WinSxS\amd64_microsoft.windows.common-controls_6595b64144ccf1df_6.0.18362.900_none_e6beb9d913147d17\COMCTL32.dll
0x00007fff88270000 - 0x00007fff885a5000 	C:\WINDOWS\System32\combase.dll
0x00007fff881d0000 - 0x00007fff88250000 	C:\WINDOWS\System32\bcryptPrimitives.dll
0x00007fff89350000 - 0x00007fff8937e000 	C:\WINDOWS\System32\IMM32.DLL
0x0000000056ad0000 - 0x0000000056ba2000 	C:\Program Files\Android\Android Studio1\jre\jre\bin\msvcr100.dll
0x0000000056c90000 - 0x00000000574db000 	C:\Program Files\Android\Android Studio1\jre\jre\bin\server\jvm.dll
0x00007fff89340000 - 0x00007fff89348000 	C:\WINDOWS\System32\PSAPI.DLL
0x00007fff6b0a0000 - 0x00007fff6b0a9000 	C:\WINDOWS\SYSTEM32\WSOCK32.dll
0x00007fff848d0000 - 0x00007fff848f4000 	C:\WINDOWS\SYSTEM32\WINMM.dll
0x00007fff7ff20000 - 0x00007fff7ff2a000 	C:\WINDOWS\SYSTEM32\VERSION.dll
0x00007fff89200000 - 0x00007fff8926f000 	C:\WINDOWS\System32\WS2_32.dll
0x00007fff848a0000 - 0x00007fff848cd000 	C:\WINDOWS\SYSTEM32\winmmbase.dll
0x00007fff87150000 - 0x00007fff8719a000 	C:\WINDOWS\System32\cfgmgr32.dll
0x00007fff821f0000 - 0x00007fff821ff000 	C:\Program Files\Android\Android Studio1\jre\jre\bin\verify.dll
0x00007fff78f70000 - 0x00007fff78f99000 	C:\Program Files\Android\Android Studio1\jre\jre\bin\java.dll
0x00007fff759c0000 - 0x00007fff759d6000 	C:\Program Files\Android\Android Studio1\jre\jre\bin\zip.dll
0x00007fff89600000 - 0x00007fff89ce6000 	C:\WINDOWS\System32\SHELL32.dll
0x00007fff886d0000 - 0x00007fff88779000 	C:\WINDOWS\System32\shcore.dll
0x00007fff873a0000 - 0x00007fff87b20000 	C:\WINDOWS\System32\windows.storage.dll
0x00007fff870d0000 - 0x00007fff870f3000 	C:\WINDOWS\System32\profapi.dll
0x00007fff87100000 - 0x00007fff8714a000 	C:\WINDOWS\System32\powrprof.dll
0x00007fff87080000 - 0x00007fff87090000 	C:\WINDOWS\System32\UMPDC.dll
0x00007fff88b40000 - 0x00007fff88b92000 	C:\WINDOWS\System32\shlwapi.dll
0x00007fff870b0000 - 0x00007fff870c1000 	C:\WINDOWS\System32\kernel.appcore.dll
0x00007fff88250000 - 0x00007fff88267000 	C:\WINDOWS\System32\cryptsp.dll
0x00007fff759a0000 - 0x00007fff759ba000 	C:\Program Files\Android\Android Studio1\jre\jre\bin\net.dll
0x00007fff868f0000 - 0x00007fff86957000 	C:\WINDOWS\system32\mswsock.dll
0x00007fff75a00000 - 0x00007fff75a13000 	C:\Program Files\Android\Android Studio1\jre\jre\bin\nio.dll
0x00007fff70990000 - 0x00007fff709b7000 	C:\Users\Lenovo\.gradle\native\f6784746aeab05261644944871eae4fe03e0ef1612fff0a4a95f87b438bc6780\windows-amd64\native-platform.dll
0x00007fff821e0000 - 0x00007fff821ed000 	C:\Program Files\Android\Android Studio1\jre\jre\bin\management.dll
0x00007fff86460000 - 0x00007fff86493000 	C:\WINDOWS\system32\rsaenh.dll
0x00007fff87bc0000 - 0x00007fff87be6000 	C:\WINDOWS\System32\bcrypt.dll
0x00007fff86fa0000 - 0x00007fff86fc5000 	C:\WINDOWS\SYSTEM32\USERENV.dll
0x00007fff86ac0000 - 0x00007fff86acc000 	C:\WINDOWS\SYSTEM32\CRYPTBASE.dll
0x00007fff86600000 - 0x00007fff8663a000 	C:\WINDOWS\SYSTEM32\IPHLPAPI.DLL
0x00007fff88ab0000 - 0x00007fff88ab8000 	C:\WINDOWS\System32\NSI.dll
0x00007fff7ffd0000 - 0x00007fff7ffe6000 	C:\WINDOWS\SYSTEM32\dhcpcsvc6.DLL
0x00007fff7f790000 - 0x00007fff7f7ac000 	C:\WINDOWS\SYSTEM32\dhcpcsvc.DLL
0x00007fff86650000 - 0x00007fff8671b000 	C:\WINDOWS\SYSTEM32\DNSAPI.dll
0x00007fff81210000 - 0x00007fff8121b000 	C:\WINDOWS\SYSTEM32\WINNSI.DLL
0x00007fff859b0000 - 0x00007fff85ba4000 	C:\WINDOWS\SYSTEM32\dbghelp.dll

VM Arguments:
jvm_args: -Xmx2048m -Dfile.encoding=UTF-8 -Duser.country=US -Duser.language=en -Duser.variant 
java_command: org.gradle.launcher.daemon.bootstrap.GradleDaemon 6.5
java_class_path (initial): C:\Users\Lenovo\.gradle\wrapper\dists\gradle-6.5-all\2oz4ud9k3tuxjg84bbf55q0tn\gradle-6.5\lib\gradle-launcher-6.5.jar
Launcher Type: SUN_STANDARD

Environment Variables:
JAVA_HOME=C:\Program Files\Java\jdk1.8.0_181
PATH=C:\Program Files (x86)\Common Files\Oracle\Java\javapath;C:\ProgramData\Oracle\Java\javapath;C:\Windows\system32;C:\Windows;C:\Windows\System32\Wbem;C:\Windows\System32\WindowsPowerShell\v1.0\;C:\Windows\System32\OpenSSH\;C:\Program Files (x86)\NVIDIA Corporation\PhysX\Common;C:\Program Files\MATLAB\R2016a\runtime\win64;C:\Program Files\MATLAB\R2016a\bin;C:\Program Files\MATLAB\R2016a\polyspace\bin;C:\Program Files\NVIDIA Corporation\NVIDIA NvDLISR;C:\WINDOWS\system32;C:\WINDOWS;C:\WINDOWS\System32\Wbem;C:\WINDOWS\System32\WindowsPowerShell\v1.0\;C:\WINDOWS\System32\OpenSSH\;C:\Program Files\Git\cmd;C:\Users\Lenovo\AppData\Local\Microsoft\WindowsApps;C:\Users\Lenovo\AppData\Local\GitHubDesktop\bin
USERNAME=Lenovo
OS=Windows_NT
PROCESSOR_IDENTIFIER=Intel64 Family 6 Model 158 Stepping 10, GenuineIntel



---------------  S Y S T E M  ---------------

OS: Windows 10.0 , 64 bit Build 18362 (10.0.18362.900)

CPU:total 8 (initial active 8) (4 cores per cpu, 2 threads per core) family 6 model 158 stepping 10, cmov, cx8, fxsr, mmx, sse, sse2, sse3, ssse3, sse4.1, sse4.2, popcnt, avx, avx2, aes, clmul, erms, 3dnowpref, lzcnt, ht, tsc, tscinvbit, bmi1, bmi2, adx

Memory: 4k page, physical 8265972k(324368k free), swap 22946036k(132k free)

vm_info: OpenJDK 64-Bit Server VM (25.242-b01) for windows-amd64 JRE (1.8.0_242-release-1644-b01), built by "builder" with MS VC++ 10.0 (VS2010)

time: Sun Nov 01 13:40:15 2020
timezone: Egypt Standard Time
elapsed time: 7 seconds (0d 0h 0m 7s)

